[debug] [2021-10-24T16:42:07.666Z] ----------------------------------------------------------------------
[debug] [2021-10-24T16:42:07.669Z] Command:       /Users/mac/.nvm/versions/node/v14.17.6/bin/node /Users/mac/.nvm/versions/node/v14.17.6/bin/firebase init
[debug] [2021-10-24T16:42:07.669Z] CLI Version:   9.21.0
[debug] [2021-10-24T16:42:07.669Z] Platform:      darwin
[debug] [2021-10-24T16:42:07.669Z] Node Version:  v14.17.6
[debug] [2021-10-24T16:42:07.671Z] Time:          Sun Oct 24 2021 17:42:07 GMT+0100 (West Africa Standard Time)
[debug] [2021-10-24T16:42:07.671Z] ----------------------------------------------------------------------
[debug] 
[debug] [2021-10-24T16:42:07.679Z] > command requires scopes: ["email","openid","https://www.googleapis.com/auth/cloudplatformprojects.readonly","https://www.googleapis.com/auth/firebase","https://www.googleapis.com/auth/cloud-platform"]
[debug] [2021-10-24T16:42:07.680Z] > authorizing via signed-in user (fieldmashal4christ@gmail.com)
[info] 
     ######## #### ########  ######## ########     ###     ######  ########
     ##        ##  ##     ## ##       ##     ##  ##   ##  ##       ##
     ######    ##  ########  ######   ########  #########  ######  ######
     ##        ##  ##    ##  ##       ##     ## ##     ##       ## ##
     ##       #### ##     ## ######## ########  ##     ##  ######  ########

You're about to initialize a Firebase project in this directory:

  /Users/mac/Documents/logInAthu-project

[info] 
=== Project Setup
[info] 
[info] First, let's associate this project directory with a Firebase project.
[info] You can create multiple project aliases by running firebase use --add, 
[info] but for now we'll just set up a default project.
[info] 
[debug] [2021-10-24T16:42:13.292Z] >>> [apiv2][query] GET https://firebase.googleapis.com/v1beta1/projects pageSize=100
[debug] [2021-10-24T16:42:14.366Z] <<< [apiv2][status] GET https://firebase.googleapis.com/v1beta1/projects 200
[debug] [2021-10-24T16:42:14.366Z] <<< [apiv2][body] GET https://firebase.googleapis.com/v1beta1/projects [omitted]
[info] i  Using project authform-b29a1 (AuthForm) 
[info] 
=== Hosting Setup
[info] 
[info] Your public directory is the folder (relative to your project directory) that
[info] will contain Hosting assets to be uploaded with firebase deploy. If you
[info] have a build process for your assets, use your build's output directory.
[info] 
[debug] [2021-10-24T16:42:28.795Z] >>> [apiv2][query] GET https://www.gstatic.com/firebasejs/releases.json [none]
[debug] [2021-10-24T16:42:29.154Z] <<< [apiv2][status] GET https://www.gstatic.com/firebasejs/releases.json 200
[debug] [2021-10-24T16:42:29.154Z] <<< [apiv2][body] GET https://www.gstatic.com/firebasejs/releases.json {"current":{"version":"9.1.3","browserURL":"https://www.gstatic.com/firebasejs/9.1.3/firebase.js","packageURL":"https://www.gstatic.com/firebasejs/9.1.3/firebase.tgz"},"live":{"version":"9.1","browserURL":"https://www.gstatic.com/firebasejs/live/9.1/firebase.js","packageURL":"https://www.gstatic.com/firebasejs/live/9.1/firebase.tgz"},"components":{"analytics":"https://www.gstatic.com/firebasejs/9.1.3/firebase-analytics.js","app":"https://www.gstatic.com/firebasejs/9.1.3/firebase-app.js","app-check":"https://www.gstatic.com/firebasejs/9.1.3/firebase-app-check.js","auth":"https://www.gstatic.com/firebasejs/9.1.3/firebase-auth.js","auth/cordova":"https://www.gstatic.com/firebasejs/9.1.3/firebase-auth/cordova.js","auth/react-native":"https://www.gstatic.com/firebasejs/9.1.3/firebase-auth/react-native.js","functions":"https://www.gstatic.com/firebasejs/9.1.3/firebase-functions.js","firestore":"https://www.gstatic.com/firebasejs/9.1.3/firebase-firestore.js","firestore/lite":"https://www.gstatic.com/firebasejs/9.1.3/firebase-firestore/lite.js","storage":"https://www.gstatic.com/firebasejs/9.1.3/firebase-storage.js","performance":"https://www.gstatic.com/firebasejs/9.1.3/firebase-performance.js","remote-config":"https://www.gstatic.com/firebasejs/9.1.3/firebase-remote-config.js","messaging":"https://www.gstatic.com/firebasejs/9.1.3/firebase-messaging.js","messaging/sw":"https://www.gstatic.com/firebasejs/9.1.3/firebase-messaging/sw.js","database":"https://www.gstatic.com/firebasejs/9.1.3/firebase-database.js","firestore.memory":"https://www.gstatic.com/firebasejs/9.1.3/firebase-firestore.memory.js"}}
[info] ✔  Wrote build/index.html 
[info] 
[info] i  Didn't detect a .git folder. Assuming /Users/mac/Documents/logInAthu-project is the project root. 
[info] i  Authorizing with GitHub to upload your service account to a GitHub repository's secrets store. 
[info] 
[info] Visit this URL on this device to log in:
[info] https://github.com/login/oauth/authorize?client_id=89cf50f02ac6aaed3484&state=1004812672&redirect_uri=http%3A%2F%2Flocalhost%3A9005&scope=read%3Auser%20repo%20public_repo
[info] 
[info] Waiting for authentication...
[debug] [2021-10-24T16:42:30.581Z] >>> HTTP REQUEST POST https://github.com/login/oauth/access_token  
 {"client_id":"89cf50f02ac6aaed3484","client_secret":"3330d14abc895d9a74d5f17cd7a00711fa2c5bf0","code":"3f099e6868a62278c264","redirect_uri":"http://localhost:9005","state":"1004812672"}
[debug] [2021-10-24T16:42:31.279Z] <<< HTTP RESPONSE 200 {"server":"GitHub.com","date":"Sun, 24 Oct 2021 16:42:31 GMT","content-type":"application/json; charset=utf-8","transfer-encoding":"chunked","vary":"X-PJAX, X-PJAX-Container, Accept-Encoding, Accept, X-Requested-With","permissions-policy":"interest-cohort=()","etag":"W/\"67c2df5250a5ec05fb39fd18a2aa314f\"","cache-control":"max-age=0, private, must-revalidate","strict-transport-security":"max-age=31536000; includeSubdomains; preload","x-frame-options":"deny","x-content-type-options":"nosniff","x-xss-protection":"0","referrer-policy":"origin-when-cross-origin, strict-origin-when-cross-origin","expect-ct":"max-age=2592000, report-uri=\"https://api.github.com/_private/browser/errors\"","content-security-policy":"default-src 'none'; base-uri 'self'; block-all-mixed-content; child-src github.com/assets-cdn/worker/ gist.github.com/assets-cdn/worker/; connect-src 'self' uploads.github.com objects-origin.githubusercontent.com www.githubstatus.com collector.githubapp.com api.github.com github-cloud.s3.amazonaws.com github-production-repository-file-5c1aeb.s3.amazonaws.com github-production-upload-manifest-file-7fdce7.s3.amazonaws.com github-production-user-asset-6210df.s3.amazonaws.com cdn.optimizely.com logx.optimizely.com/v1/events translator.github.com wss://alive.github.com; font-src github.githubassets.com; form-action 'self' github.com gist.github.com objects-origin.githubusercontent.com; frame-ancestors 'none'; frame-src render.githubusercontent.com viewscreen.githubusercontent.com notebooks.githubusercontent.com; img-src 'self' data: github.githubassets.com identicons.github.com collector.githubapp.com github-cloud.s3.amazonaws.com secured-user-images.githubusercontent.com/ *.githubusercontent.com; manifest-src 'self'; media-src github.com user-images.githubusercontent.com/; script-src github.githubassets.com; style-src 'unsafe-inline' github.githubassets.com; worker-src github.com/assets-cdn/worker/ gist.github.com/assets-cdn/worker/","x-github-request-id":"5F99:4C94:2F75288:322DB00:61758CF7"}
[debug] [2021-10-24T16:42:31.283Z] >>> [apiv2][query] GET https://api.github.com/user [none]
[debug] [2021-10-24T16:42:32.121Z] <<< [apiv2][status] GET https://api.github.com/user 200
[debug] [2021-10-24T16:42:32.121Z] <<< [apiv2][body] GET https://api.github.com/user {"login":"ronalking182","id":67924704,"node_id":"MDQ6VXNlcjY3OTI0NzA0","avatar_url":"https://avatars.githubusercontent.com/u/67924704?v=4","gravatar_id":"","url":"https://api.github.com/users/ronalking182","html_url":"https://github.com/ronalking182","followers_url":"https://api.github.com/users/ronalking182/followers","following_url":"https://api.github.com/users/ronalking182/following{/other_user}","gists_url":"https://api.github.com/users/ronalking182/gists{/gist_id}","starred_url":"https://api.github.com/users/ronalking182/starred{/owner}{/repo}","subscriptions_url":"https://api.github.com/users/ronalking182/subscriptions","organizations_url":"https://api.github.com/users/ronalking182/orgs","repos_url":"https://api.github.com/users/ronalking182/repos","events_url":"https://api.github.com/users/ronalking182/events{/privacy}","received_events_url":"https://api.github.com/users/ronalking182/received_events","type":"User","site_admin":false,"name":"King David","company":null,"blog":"","location":null,"email":"abutankokingdavid@icloud.com","hireable":null,"bio":null,"twitter_username":"kingdavidabu","public_repos":14,"public_gists":0,"followers":0,"following":2,"created_at":"2020-07-06T18:55:00Z","updated_at":"2021-10-24T16:29:02Z","private_gists":0,"total_private_repos":0,"owned_private_repos":0,"disk_usage":450,"collaborators":0,"two_factor_authentication":false,"plan":{"name":"free","space":976562499,"collaborators":0,"private_repos":10000}}
[info] 
[info] ✔  Success! Logged into GitHub as ronalking182 
[info] 
